2017-octobre-23 13:09:35 [localhost-startStop-1] INFO  org.springframework.web.context.ContextLoader - Root WebApplicationContext: initialization started
2017-octobre-23 13:09:36 [localhost-startStop-1] INFO  org.springframework.web.context.support.XmlWebApplicationContext - Refreshing Root WebApplicationContext: startup date [Mon Oct 23 13:09:36 CEST 2017]; root of context hierarchy
2017-octobre-23 13:09:36 [localhost-startStop-1] INFO  org.springframework.beans.factory.xml.XmlBeanDefinitionReader - Loading XML bean definitions from ServletContext resource [/WEB-INF/applicationContext.xml]
2017-octobre-23 13:09:37 [localhost-startStop-1] WARN  org.springframework.web.context.support.XmlWebApplicationContext - Exception encountered during context initialization - cancelling refresh attempt: org.springframework.beans.factory.BeanCreationException: Error creating bean with name 'entityManagerFactory' defined in ServletContext resource [/WEB-INF/applicationContext.xml]: Invocation of init method failed; nested exception is java.lang.IllegalStateException: No persistence units parsed from {classpath*:META-INF/persistence.xml}
2017-octobre-23 13:09:37 [localhost-startStop-1] ERROR org.springframework.web.context.ContextLoader - Context initialization failed
org.springframework.beans.factory.BeanCreationException: Error creating bean with name 'entityManagerFactory' defined in ServletContext resource [/WEB-INF/applicationContext.xml]: Invocation of init method failed; nested exception is java.lang.IllegalStateException: No persistence units parsed from {classpath*:META-INF/persistence.xml}
	at org.springframework.beans.factory.support.AbstractAutowireCapableBeanFactory.initializeBean(AbstractAutowireCapableBeanFactory.java:1704) ~[spring-beans-5.0.0.RELEASE.jar:5.0.0.RELEASE]
	at org.springframework.beans.factory.support.AbstractAutowireCapableBeanFactory.doCreateBean(AbstractAutowireCapableBeanFactory.java:583) ~[spring-beans-5.0.0.RELEASE.jar:5.0.0.RELEASE]
	at org.springframework.beans.factory.support.AbstractAutowireCapableBeanFactory.createBean(AbstractAutowireCapableBeanFactory.java:502) ~[spring-beans-5.0.0.RELEASE.jar:5.0.0.RELEASE]
	at org.springframework.beans.factory.support.AbstractBeanFactory.lambda$doGetBean$0(AbstractBeanFactory.java:312) ~[spring-beans-5.0.0.RELEASE.jar:5.0.0.RELEASE]
	at org.springframework.beans.factory.support.DefaultSingletonBeanRegistry.getSingleton(DefaultSingletonBeanRegistry.java:228) ~[spring-beans-5.0.0.RELEASE.jar:5.0.0.RELEASE]
	at org.springframework.beans.factory.support.AbstractBeanFactory.doGetBean(AbstractBeanFactory.java:310) ~[spring-beans-5.0.0.RELEASE.jar:5.0.0.RELEASE]
	at org.springframework.beans.factory.support.AbstractBeanFactory.getBean(AbstractBeanFactory.java:200) ~[spring-beans-5.0.0.RELEASE.jar:5.0.0.RELEASE]
	at org.springframework.context.support.AbstractApplicationContext.getBean(AbstractApplicationContext.java:1083) ~[spring-context-5.0.0.RELEASE.jar:5.0.0.RELEASE]
	at org.springframework.context.support.AbstractApplicationContext.finishBeanFactoryInitialization(AbstractApplicationContext.java:858) ~[spring-context-5.0.0.RELEASE.jar:5.0.0.RELEASE]
	at org.springframework.context.support.AbstractApplicationContext.refresh(AbstractApplicationContext.java:549) ~[spring-context-5.0.0.RELEASE.jar:5.0.0.RELEASE]
	at org.springframework.web.context.ContextLoader.configureAndRefreshWebApplicationContext(ContextLoader.java:409) ~[spring-web-5.0.0.RELEASE.jar:5.0.0.RELEASE]
	at org.springframework.web.context.ContextLoader.initWebApplicationContext(ContextLoader.java:291) [spring-web-5.0.0.RELEASE.jar:5.0.0.RELEASE]
	at org.springframework.web.context.ContextLoaderListener.contextInitialized(ContextLoaderListener.java:103) [spring-web-5.0.0.RELEASE.jar:5.0.0.RELEASE]
	at org.apache.catalina.core.StandardContext.listenerStart(StandardContext.java:4727) [catalina.jar:8.5.11]
	at org.apache.catalina.core.StandardContext.startInternal(StandardContext.java:5189) [catalina.jar:8.5.11]
	at org.apache.catalina.util.LifecycleBase.start(LifecycleBase.java:150) [catalina.jar:8.5.11]
	at org.apache.catalina.core.ContainerBase$StartChild.call(ContainerBase.java:1419) [catalina.jar:8.5.11]
	at org.apache.catalina.core.ContainerBase$StartChild.call(ContainerBase.java:1409) [catalina.jar:8.5.11]
	at java.util.concurrent.FutureTask.run(FutureTask.java:266) [?:1.8.0_144]
	at java.util.concurrent.ThreadPoolExecutor.runWorker(ThreadPoolExecutor.java:1149) [?:1.8.0_144]
	at java.util.concurrent.ThreadPoolExecutor$Worker.run(ThreadPoolExecutor.java:624) [?:1.8.0_144]
	at java.lang.Thread.run(Thread.java:748) [?:1.8.0_144]
Caused by: java.lang.IllegalStateException: No persistence units parsed from {classpath*:META-INF/persistence.xml}
	at org.springframework.orm.jpa.persistenceunit.DefaultPersistenceUnitManager.obtainDefaultPersistenceUnitInfo(DefaultPersistenceUnitManager.java:714) ~[spring-orm-5.0.0.RELEASE.jar:5.0.0.RELEASE]
	at org.springframework.orm.jpa.LocalContainerEntityManagerFactoryBean.determinePersistenceUnitInfo(LocalContainerEntityManagerFactoryBean.java:380) ~[spring-orm-5.0.0.RELEASE.jar:5.0.0.RELEASE]
	at org.springframework.orm.jpa.LocalContainerEntityManagerFactoryBean.createNativeEntityManagerFactory(LocalContainerEntityManagerFactoryBean.java:332) ~[spring-orm-5.0.0.RELEASE.jar:5.0.0.RELEASE]
	at org.springframework.orm.jpa.AbstractEntityManagerFactoryBean.buildNativeEntityManagerFactory(AbstractEntityManagerFactoryBean.java:384) ~[spring-orm-5.0.0.RELEASE.jar:5.0.0.RELEASE]
	at org.springframework.orm.jpa.AbstractEntityManagerFactoryBean.afterPropertiesSet(AbstractEntityManagerFactoryBean.java:373) ~[spring-orm-5.0.0.RELEASE.jar:5.0.0.RELEASE]
	at org.springframework.beans.factory.support.AbstractAutowireCapableBeanFactory.invokeInitMethods(AbstractAutowireCapableBeanFactory.java:1763) ~[spring-beans-5.0.0.RELEASE.jar:5.0.0.RELEASE]
	at org.springframework.beans.factory.support.AbstractAutowireCapableBeanFactory.initializeBean(AbstractAutowireCapableBeanFactory.java:1700) ~[spring-beans-5.0.0.RELEASE.jar:5.0.0.RELEASE]
	... 21 more
2017-octobre-23 13:15:04 [localhost-startStop-1] INFO  org.springframework.web.context.ContextLoader - Root WebApplicationContext: initialization started
2017-octobre-23 13:15:04 [localhost-startStop-1] INFO  org.springframework.web.context.support.XmlWebApplicationContext - Refreshing Root WebApplicationContext: startup date [Mon Oct 23 13:15:04 CEST 2017]; root of context hierarchy
2017-octobre-23 13:15:04 [localhost-startStop-1] INFO  org.springframework.beans.factory.xml.XmlBeanDefinitionReader - Loading XML bean definitions from ServletContext resource [/WEB-INF/applicationContext.xml]
2017-octobre-23 13:15:05 [localhost-startStop-1] DEBUG org.jboss.logging - Logging Provider: org.jboss.logging.Log4j2LoggerProvider
2017-octobre-23 13:15:05 [localhost-startStop-1] INFO  org.springframework.orm.jpa.LocalContainerEntityManagerFactoryBean - Building JPA container EntityManagerFactory for persistence unit 'persistence_unit_base-squelette_application_web_soa'
2017-octobre-23 13:15:05 [localhost-startStop-1] INFO  org.hibernate.jpa.internal.util.LogHelper - HHH000204: Processing PersistenceUnitInfo [
	name: persistence_unit_base-squelette_application_web_soa
	...]
2017-octobre-23 13:15:05 [localhost-startStop-1] INFO  org.hibernate.Version - HHH000412: Hibernate Core {5.2.11.Final}
2017-octobre-23 13:15:05 [localhost-startStop-1] INFO  org.hibernate.cfg.Environment - HHH000206: hibernate.properties not found
2017-octobre-23 13:15:06 [localhost-startStop-1] INFO  org.hibernate.annotations.common.Version - HCANN000001: Hibernate Commons Annotations {5.0.1.Final}
2017-octobre-23 13:15:06 [localhost-startStop-1] WARN  org.hibernate.engine.jdbc.env.internal.JdbcEnvironmentInitiator - HHH000342: Could not obtain connection to query metadata : Cannot create PoolableConnectionFactory (FATAL: la base de données « base-squelette_application_web_soa » n'existe pas (pgjdbc: autodetected server-encoding to be ISO-8859-1, if the message is not readable, please check database logs and/or host, port, dbname, user, password, pg_hba.conf))
2017-octobre-23 13:15:06 [localhost-startStop-1] INFO  org.hibernate.dialect.Dialect - HHH000400: Using dialect: org.hibernate.dialect.PostgreSQL9Dialect
2017-octobre-23 13:15:06 [localhost-startStop-1] INFO  org.hibernate.engine.jdbc.env.internal.LobCreatorBuilderImpl - HHH000422: Disabling contextual LOB creation as connection was null
2017-octobre-23 13:15:06 [localhost-startStop-1] INFO  org.hibernate.type.BasicTypeRegistry - HHH000270: Type registration [java.util.UUID] overrides previous : org.hibernate.type.UUIDBinaryType@380cdf42
2017-octobre-23 13:15:07 [localhost-startStop-1] WARN  org.hibernate.engine.jdbc.spi.SqlExceptionHelper - SQL Error: 0, SQLState: null
2017-octobre-23 13:15:07 [localhost-startStop-1] ERROR org.hibernate.engine.jdbc.spi.SqlExceptionHelper - Cannot create PoolableConnectionFactory (FATAL: la base de données « base-squelette_application_web_soa » n'existe pas (pgjdbc: autodetected server-encoding to be ISO-8859-1, if the message is not readable, please check database logs and/or host, port, dbname, user, password, pg_hba.conf))
2017-octobre-23 13:15:07 [localhost-startStop-1] WARN  org.springframework.web.context.support.XmlWebApplicationContext - Exception encountered during context initialization - cancelling refresh attempt: org.springframework.beans.factory.BeanCreationException: Error creating bean with name 'entityManagerFactory' defined in ServletContext resource [/WEB-INF/applicationContext.xml]: Invocation of init method failed; nested exception is javax.persistence.PersistenceException: [PersistenceUnit: persistence_unit_base-squelette_application_web_soa] Unable to build Hibernate SessionFactory
2017-octobre-23 13:15:07 [localhost-startStop-1] ERROR org.springframework.web.context.ContextLoader - Context initialization failed
org.springframework.beans.factory.BeanCreationException: Error creating bean with name 'entityManagerFactory' defined in ServletContext resource [/WEB-INF/applicationContext.xml]: Invocation of init method failed; nested exception is javax.persistence.PersistenceException: [PersistenceUnit: persistence_unit_base-squelette_application_web_soa] Unable to build Hibernate SessionFactory
	at org.springframework.beans.factory.support.AbstractAutowireCapableBeanFactory.initializeBean(AbstractAutowireCapableBeanFactory.java:1704) ~[spring-beans-5.0.0.RELEASE.jar:5.0.0.RELEASE]
	at org.springframework.beans.factory.support.AbstractAutowireCapableBeanFactory.doCreateBean(AbstractAutowireCapableBeanFactory.java:583) ~[spring-beans-5.0.0.RELEASE.jar:5.0.0.RELEASE]
	at org.springframework.beans.factory.support.AbstractAutowireCapableBeanFactory.createBean(AbstractAutowireCapableBeanFactory.java:502) ~[spring-beans-5.0.0.RELEASE.jar:5.0.0.RELEASE]
	at org.springframework.beans.factory.support.AbstractBeanFactory.lambda$doGetBean$0(AbstractBeanFactory.java:312) ~[spring-beans-5.0.0.RELEASE.jar:5.0.0.RELEASE]
	at org.springframework.beans.factory.support.DefaultSingletonBeanRegistry.getSingleton(DefaultSingletonBeanRegistry.java:228) ~[spring-beans-5.0.0.RELEASE.jar:5.0.0.RELEASE]
	at org.springframework.beans.factory.support.AbstractBeanFactory.doGetBean(AbstractBeanFactory.java:310) ~[spring-beans-5.0.0.RELEASE.jar:5.0.0.RELEASE]
	at org.springframework.beans.factory.support.AbstractBeanFactory.getBean(AbstractBeanFactory.java:200) ~[spring-beans-5.0.0.RELEASE.jar:5.0.0.RELEASE]
	at org.springframework.context.support.AbstractApplicationContext.getBean(AbstractApplicationContext.java:1083) ~[spring-context-5.0.0.RELEASE.jar:5.0.0.RELEASE]
	at org.springframework.context.support.AbstractApplicationContext.finishBeanFactoryInitialization(AbstractApplicationContext.java:858) ~[spring-context-5.0.0.RELEASE.jar:5.0.0.RELEASE]
	at org.springframework.context.support.AbstractApplicationContext.refresh(AbstractApplicationContext.java:549) ~[spring-context-5.0.0.RELEASE.jar:5.0.0.RELEASE]
	at org.springframework.web.context.ContextLoader.configureAndRefreshWebApplicationContext(ContextLoader.java:409) ~[spring-web-5.0.0.RELEASE.jar:5.0.0.RELEASE]
	at org.springframework.web.context.ContextLoader.initWebApplicationContext(ContextLoader.java:291) [spring-web-5.0.0.RELEASE.jar:5.0.0.RELEASE]
	at org.springframework.web.context.ContextLoaderListener.contextInitialized(ContextLoaderListener.java:103) [spring-web-5.0.0.RELEASE.jar:5.0.0.RELEASE]
	at org.apache.catalina.core.StandardContext.listenerStart(StandardContext.java:4727) [catalina.jar:8.5.11]
	at org.apache.catalina.core.StandardContext.startInternal(StandardContext.java:5189) [catalina.jar:8.5.11]
	at org.apache.catalina.util.LifecycleBase.start(LifecycleBase.java:150) [catalina.jar:8.5.11]
	at org.apache.catalina.core.ContainerBase$StartChild.call(ContainerBase.java:1419) [catalina.jar:8.5.11]
	at org.apache.catalina.core.ContainerBase$StartChild.call(ContainerBase.java:1409) [catalina.jar:8.5.11]
	at java.util.concurrent.FutureTask.run(FutureTask.java:266) [?:1.8.0_144]
	at java.util.concurrent.ThreadPoolExecutor.runWorker(ThreadPoolExecutor.java:1149) [?:1.8.0_144]
	at java.util.concurrent.ThreadPoolExecutor$Worker.run(ThreadPoolExecutor.java:624) [?:1.8.0_144]
	at java.lang.Thread.run(Thread.java:748) [?:1.8.0_144]
Caused by: javax.persistence.PersistenceException: [PersistenceUnit: persistence_unit_base-squelette_application_web_soa] Unable to build Hibernate SessionFactory
	at org.hibernate.jpa.boot.internal.EntityManagerFactoryBuilderImpl.persistenceException(EntityManagerFactoryBuilderImpl.java:967) ~[hibernate-core-5.2.11.Final.jar:5.2.11.Final]
	at org.hibernate.jpa.boot.internal.EntityManagerFactoryBuilderImpl.build(EntityManagerFactoryBuilderImpl.java:892) ~[hibernate-core-5.2.11.Final.jar:5.2.11.Final]
	at org.hibernate.jpa.HibernatePersistenceProvider.createContainerEntityManagerFactory(HibernatePersistenceProvider.java:151) ~[hibernate-core-5.2.11.Final.jar:5.2.11.Final]
	at org.springframework.orm.jpa.LocalContainerEntityManagerFactoryBean.createNativeEntityManagerFactory(LocalContainerEntityManagerFactoryBean.java:358) ~[spring-orm-5.0.0.RELEASE.jar:5.0.0.RELEASE]
	at org.springframework.orm.jpa.AbstractEntityManagerFactoryBean.buildNativeEntityManagerFactory(AbstractEntityManagerFactoryBean.java:384) ~[spring-orm-5.0.0.RELEASE.jar:5.0.0.RELEASE]
	at org.springframework.orm.jpa.AbstractEntityManagerFactoryBean.afterPropertiesSet(AbstractEntityManagerFactoryBean.java:373) ~[spring-orm-5.0.0.RELEASE.jar:5.0.0.RELEASE]
	at org.springframework.beans.factory.support.AbstractAutowireCapableBeanFactory.invokeInitMethods(AbstractAutowireCapableBeanFactory.java:1763) ~[spring-beans-5.0.0.RELEASE.jar:5.0.0.RELEASE]
	at org.springframework.beans.factory.support.AbstractAutowireCapableBeanFactory.initializeBean(AbstractAutowireCapableBeanFactory.java:1700) ~[spring-beans-5.0.0.RELEASE.jar:5.0.0.RELEASE]
	... 21 more
Caused by: org.hibernate.exception.GenericJDBCException: Unable to open JDBC Connection for DDL execution
	at org.hibernate.exception.internal.StandardSQLExceptionConverter.convert(StandardSQLExceptionConverter.java:47) ~[hibernate-core-5.2.11.Final.jar:5.2.11.Final]
	at org.hibernate.engine.jdbc.spi.SqlExceptionHelper.convert(SqlExceptionHelper.java:111) ~[hibernate-core-5.2.11.Final.jar:5.2.11.Final]
	at org.hibernate.engine.jdbc.spi.SqlExceptionHelper.convert(SqlExceptionHelper.java:97) ~[hibernate-core-5.2.11.Final.jar:5.2.11.Final]
	at org.hibernate.resource.transaction.backend.jdbc.internal.DdlTransactionIsolatorNonJtaImpl.getIsolatedConnection(DdlTransactionIsolatorNonJtaImpl.java:69) ~[hibernate-core-5.2.11.Final.jar:5.2.11.Final]
	at org.hibernate.tool.schema.internal.exec.ImprovedExtractionContextImpl.getJdbcConnection(ImprovedExtractionContextImpl.java:60) ~[hibernate-core-5.2.11.Final.jar:5.2.11.Final]
	at org.hibernate.tool.schema.extract.internal.SequenceInformationExtractorLegacyImpl.extractMetadata(SequenceInformationExtractorLegacyImpl.java:40) ~[hibernate-core-5.2.11.Final.jar:5.2.11.Final]
	at org.hibernate.tool.schema.extract.internal.DatabaseInformationImpl.initializeSequences(DatabaseInformationImpl.java:65) ~[hibernate-core-5.2.11.Final.jar:5.2.11.Final]
	at org.hibernate.tool.schema.extract.internal.DatabaseInformationImpl.<init>(DatabaseInformationImpl.java:59) ~[hibernate-core-5.2.11.Final.jar:5.2.11.Final]
	at org.hibernate.tool.schema.internal.Helper.buildDatabaseInformation(Helper.java:132) ~[hibernate-core-5.2.11.Final.jar:5.2.11.Final]
	at org.hibernate.tool.schema.internal.AbstractSchemaValidator.doValidation(AbstractSchemaValidator.java:61) ~[hibernate-core-5.2.11.Final.jar:5.2.11.Final]
	at org.hibernate.tool.schema.spi.SchemaManagementToolCoordinator.performDatabaseAction(SchemaManagementToolCoordinator.java:191) ~[hibernate-core-5.2.11.Final.jar:5.2.11.Final]
	at org.hibernate.tool.schema.spi.SchemaManagementToolCoordinator.process(SchemaManagementToolCoordinator.java:72) ~[hibernate-core-5.2.11.Final.jar:5.2.11.Final]
	at org.hibernate.internal.SessionFactoryImpl.<init>(SessionFactoryImpl.java:313) ~[hibernate-core-5.2.11.Final.jar:5.2.11.Final]
	at org.hibernate.boot.internal.SessionFactoryBuilderImpl.build(SessionFactoryBuilderImpl.java:452) ~[hibernate-core-5.2.11.Final.jar:5.2.11.Final]
	at org.hibernate.jpa.boot.internal.EntityManagerFactoryBuilderImpl.build(EntityManagerFactoryBuilderImpl.java:889) ~[hibernate-core-5.2.11.Final.jar:5.2.11.Final]
	at org.hibernate.jpa.HibernatePersistenceProvider.createContainerEntityManagerFactory(HibernatePersistenceProvider.java:151) ~[hibernate-core-5.2.11.Final.jar:5.2.11.Final]
	at org.springframework.orm.jpa.LocalContainerEntityManagerFactoryBean.createNativeEntityManagerFactory(LocalContainerEntityManagerFactoryBean.java:358) ~[spring-orm-5.0.0.RELEASE.jar:5.0.0.RELEASE]
	at org.springframework.orm.jpa.AbstractEntityManagerFactoryBean.buildNativeEntityManagerFactory(AbstractEntityManagerFactoryBean.java:384) ~[spring-orm-5.0.0.RELEASE.jar:5.0.0.RELEASE]
	at org.springframework.orm.jpa.AbstractEntityManagerFactoryBean.afterPropertiesSet(AbstractEntityManagerFactoryBean.java:373) ~[spring-orm-5.0.0.RELEASE.jar:5.0.0.RELEASE]
	at org.springframework.beans.factory.support.AbstractAutowireCapableBeanFactory.invokeInitMethods(AbstractAutowireCapableBeanFactory.java:1763) ~[spring-beans-5.0.0.RELEASE.jar:5.0.0.RELEASE]
	at org.springframework.beans.factory.support.AbstractAutowireCapableBeanFactory.initializeBean(AbstractAutowireCapableBeanFactory.java:1700) ~[spring-beans-5.0.0.RELEASE.jar:5.0.0.RELEASE]
	... 21 more
Caused by: java.sql.SQLException: Cannot create PoolableConnectionFactory (FATAL: la base de données « base-squelette_application_web_soa » n'existe pas (pgjdbc: autodetected server-encoding to be ISO-8859-1, if the message is not readable, please check database logs and/or host, port, dbname, user, password, pg_hba.conf))
	at org.apache.tomcat.dbcp.dbcp2.BasicDataSource.createPoolableConnectionFactory(BasicDataSource.java:2303) ~[tomcat-dbcp.jar:8.5.11]
	at org.apache.tomcat.dbcp.dbcp2.BasicDataSource.createDataSource(BasicDataSource.java:2043) ~[tomcat-dbcp.jar:8.5.11]
	at org.apache.tomcat.dbcp.dbcp2.BasicDataSource.getConnection(BasicDataSource.java:1543) ~[tomcat-dbcp.jar:8.5.11]
	at org.hibernate.engine.jdbc.connections.internal.DatasourceConnectionProviderImpl.getConnection(DatasourceConnectionProviderImpl.java:122) ~[hibernate-core-5.2.11.Final.jar:5.2.11.Final]
	at org.hibernate.engine.jdbc.env.internal.JdbcEnvironmentInitiator$ConnectionProviderJdbcConnectionAccess.obtainConnection(JdbcEnvironmentInitiator.java:180) ~[hibernate-core-5.2.11.Final.jar:5.2.11.Final]
	at org.hibernate.resource.transaction.backend.jdbc.internal.DdlTransactionIsolatorNonJtaImpl.getIsolatedConnection(DdlTransactionIsolatorNonJtaImpl.java:43) ~[hibernate-core-5.2.11.Final.jar:5.2.11.Final]
	at org.hibernate.tool.schema.internal.exec.ImprovedExtractionContextImpl.getJdbcConnection(ImprovedExtractionContextImpl.java:60) ~[hibernate-core-5.2.11.Final.jar:5.2.11.Final]
	at org.hibernate.tool.schema.extract.internal.SequenceInformationExtractorLegacyImpl.extractMetadata(SequenceInformationExtractorLegacyImpl.java:40) ~[hibernate-core-5.2.11.Final.jar:5.2.11.Final]
	at org.hibernate.tool.schema.extract.internal.DatabaseInformationImpl.initializeSequences(DatabaseInformationImpl.java:65) ~[hibernate-core-5.2.11.Final.jar:5.2.11.Final]
	at org.hibernate.tool.schema.extract.internal.DatabaseInformationImpl.<init>(DatabaseInformationImpl.java:59) ~[hibernate-core-5.2.11.Final.jar:5.2.11.Final]
	at org.hibernate.tool.schema.internal.Helper.buildDatabaseInformation(Helper.java:132) ~[hibernate-core-5.2.11.Final.jar:5.2.11.Final]
	at org.hibernate.tool.schema.internal.AbstractSchemaValidator.doValidation(AbstractSchemaValidator.java:61) ~[hibernate-core-5.2.11.Final.jar:5.2.11.Final]
	at org.hibernate.tool.schema.spi.SchemaManagementToolCoordinator.performDatabaseAction(SchemaManagementToolCoordinator.java:191) ~[hibernate-core-5.2.11.Final.jar:5.2.11.Final]
	at org.hibernate.tool.schema.spi.SchemaManagementToolCoordinator.process(SchemaManagementToolCoordinator.java:72) ~[hibernate-core-5.2.11.Final.jar:5.2.11.Final]
	at org.hibernate.internal.SessionFactoryImpl.<init>(SessionFactoryImpl.java:313) ~[hibernate-core-5.2.11.Final.jar:5.2.11.Final]
	at org.hibernate.boot.internal.SessionFactoryBuilderImpl.build(SessionFactoryBuilderImpl.java:452) ~[hibernate-core-5.2.11.Final.jar:5.2.11.Final]
	at org.hibernate.jpa.boot.internal.EntityManagerFactoryBuilderImpl.build(EntityManagerFactoryBuilderImpl.java:889) ~[hibernate-core-5.2.11.Final.jar:5.2.11.Final]
	at org.hibernate.jpa.HibernatePersistenceProvider.createContainerEntityManagerFactory(HibernatePersistenceProvider.java:151) ~[hibernate-core-5.2.11.Final.jar:5.2.11.Final]
	at org.springframework.orm.jpa.LocalContainerEntityManagerFactoryBean.createNativeEntityManagerFactory(LocalContainerEntityManagerFactoryBean.java:358) ~[spring-orm-5.0.0.RELEASE.jar:5.0.0.RELEASE]
	at org.springframework.orm.jpa.AbstractEntityManagerFactoryBean.buildNativeEntityManagerFactory(AbstractEntityManagerFactoryBean.java:384) ~[spring-orm-5.0.0.RELEASE.jar:5.0.0.RELEASE]
	at org.springframework.orm.jpa.AbstractEntityManagerFactoryBean.afterPropertiesSet(AbstractEntityManagerFactoryBean.java:373) ~[spring-orm-5.0.0.RELEASE.jar:5.0.0.RELEASE]
	at org.springframework.beans.factory.support.AbstractAutowireCapableBeanFactory.invokeInitMethods(AbstractAutowireCapableBeanFactory.java:1763) ~[spring-beans-5.0.0.RELEASE.jar:5.0.0.RELEASE]
	at org.springframework.beans.factory.support.AbstractAutowireCapableBeanFactory.initializeBean(AbstractAutowireCapableBeanFactory.java:1700) ~[spring-beans-5.0.0.RELEASE.jar:5.0.0.RELEASE]
	... 21 more
Caused by: org.postgresql.util.PSQLException: FATAL: la base de données « base-squelette_application_web_soa » n'existe pas (pgjdbc: autodetected server-encoding to be ISO-8859-1, if the message is not readable, please check database logs and/or host, port, dbname, user, password, pg_hba.conf)
	at org.postgresql.core.v3.QueryExecutorImpl.receiveErrorResponse(QueryExecutorImpl.java:2477) ~[postgresql-42.1.4.jar:42.1.4]
	at org.postgresql.core.v3.QueryExecutorImpl.readStartupMessages(QueryExecutorImpl.java:2603) ~[postgresql-42.1.4.jar:42.1.4]
	at org.postgresql.core.v3.QueryExecutorImpl.<init>(QueryExecutorImpl.java:125) ~[postgresql-42.1.4.jar:42.1.4]
	at org.postgresql.core.v3.ConnectionFactoryImpl.openConnectionImpl(ConnectionFactoryImpl.java:227) ~[postgresql-42.1.4.jar:42.1.4]
	at org.postgresql.core.ConnectionFactory.openConnection(ConnectionFactory.java:49) ~[postgresql-42.1.4.jar:42.1.4]
	at org.postgresql.jdbc.PgConnection.<init>(PgConnection.java:194) ~[postgresql-42.1.4.jar:42.1.4]
	at org.postgresql.Driver.makeConnection(Driver.java:450) ~[postgresql-42.1.4.jar:42.1.4]
	at org.postgresql.Driver.connect(Driver.java:252) ~[postgresql-42.1.4.jar:42.1.4]
	at org.apache.tomcat.dbcp.dbcp2.DriverConnectionFactory.createConnection(DriverConnectionFactory.java:38) ~[tomcat-dbcp.jar:8.5.11]
	at org.apache.tomcat.dbcp.dbcp2.PoolableConnectionFactory.makeObject(PoolableConnectionFactory.java:257) ~[tomcat-dbcp.jar:8.5.11]
	at org.apache.tomcat.dbcp.dbcp2.BasicDataSource.validateConnectionFactory(BasicDataSource.java:2313) ~[tomcat-dbcp.jar:8.5.11]
	at org.apache.tomcat.dbcp.dbcp2.BasicDataSource.createPoolableConnectionFactory(BasicDataSource.java:2299) ~[tomcat-dbcp.jar:8.5.11]
	at org.apache.tomcat.dbcp.dbcp2.BasicDataSource.createDataSource(BasicDataSource.java:2043) ~[tomcat-dbcp.jar:8.5.11]
	at org.apache.tomcat.dbcp.dbcp2.BasicDataSource.getConnection(BasicDataSource.java:1543) ~[tomcat-dbcp.jar:8.5.11]
	at org.hibernate.engine.jdbc.connections.internal.DatasourceConnectionProviderImpl.getConnection(DatasourceConnectionProviderImpl.java:122) ~[hibernate-core-5.2.11.Final.jar:5.2.11.Final]
	at org.hibernate.engine.jdbc.env.internal.JdbcEnvironmentInitiator$ConnectionProviderJdbcConnectionAccess.obtainConnection(JdbcEnvironmentInitiator.java:180) ~[hibernate-core-5.2.11.Final.jar:5.2.11.Final]
	at org.hibernate.resource.transaction.backend.jdbc.internal.DdlTransactionIsolatorNonJtaImpl.getIsolatedConnection(DdlTransactionIsolatorNonJtaImpl.java:43) ~[hibernate-core-5.2.11.Final.jar:5.2.11.Final]
	at org.hibernate.tool.schema.internal.exec.ImprovedExtractionContextImpl.getJdbcConnection(ImprovedExtractionContextImpl.java:60) ~[hibernate-core-5.2.11.Final.jar:5.2.11.Final]
	at org.hibernate.tool.schema.extract.internal.SequenceInformationExtractorLegacyImpl.extractMetadata(SequenceInformationExtractorLegacyImpl.java:40) ~[hibernate-core-5.2.11.Final.jar:5.2.11.Final]
	at org.hibernate.tool.schema.extract.internal.DatabaseInformationImpl.initializeSequences(DatabaseInformationImpl.java:65) ~[hibernate-core-5.2.11.Final.jar:5.2.11.Final]
	at org.hibernate.tool.schema.extract.internal.DatabaseInformationImpl.<init>(DatabaseInformationImpl.java:59) ~[hibernate-core-5.2.11.Final.jar:5.2.11.Final]
	at org.hibernate.tool.schema.internal.Helper.buildDatabaseInformation(Helper.java:132) ~[hibernate-core-5.2.11.Final.jar:5.2.11.Final]
	at org.hibernate.tool.schema.internal.AbstractSchemaValidator.doValidation(AbstractSchemaValidator.java:61) ~[hibernate-core-5.2.11.Final.jar:5.2.11.Final]
	at org.hibernate.tool.schema.spi.SchemaManagementToolCoordinator.performDatabaseAction(SchemaManagementToolCoordinator.java:191) ~[hibernate-core-5.2.11.Final.jar:5.2.11.Final]
	at org.hibernate.tool.schema.spi.SchemaManagementToolCoordinator.process(SchemaManagementToolCoordinator.java:72) ~[hibernate-core-5.2.11.Final.jar:5.2.11.Final]
	at org.hibernate.internal.SessionFactoryImpl.<init>(SessionFactoryImpl.java:313) ~[hibernate-core-5.2.11.Final.jar:5.2.11.Final]
	at org.hibernate.boot.internal.SessionFactoryBuilderImpl.build(SessionFactoryBuilderImpl.java:452) ~[hibernate-core-5.2.11.Final.jar:5.2.11.Final]
	at org.hibernate.jpa.boot.internal.EntityManagerFactoryBuilderImpl.build(EntityManagerFactoryBuilderImpl.java:889) ~[hibernate-core-5.2.11.Final.jar:5.2.11.Final]
	at org.hibernate.jpa.HibernatePersistenceProvider.createContainerEntityManagerFactory(HibernatePersistenceProvider.java:151) ~[hibernate-core-5.2.11.Final.jar:5.2.11.Final]
	at org.springframework.orm.jpa.LocalContainerEntityManagerFactoryBean.createNativeEntityManagerFactory(LocalContainerEntityManagerFactoryBean.java:358) ~[spring-orm-5.0.0.RELEASE.jar:5.0.0.RELEASE]
	at org.springframework.orm.jpa.AbstractEntityManagerFactoryBean.buildNativeEntityManagerFactory(AbstractEntityManagerFactoryBean.java:384) ~[spring-orm-5.0.0.RELEASE.jar:5.0.0.RELEASE]
	at org.springframework.orm.jpa.AbstractEntityManagerFactoryBean.afterPropertiesSet(AbstractEntityManagerFactoryBean.java:373) ~[spring-orm-5.0.0.RELEASE.jar:5.0.0.RELEASE]
	at org.springframework.beans.factory.support.AbstractAutowireCapableBeanFactory.invokeInitMethods(AbstractAutowireCapableBeanFactory.java:1763) ~[spring-beans-5.0.0.RELEASE.jar:5.0.0.RELEASE]
	at org.springframework.beans.factory.support.AbstractAutowireCapableBeanFactory.initializeBean(AbstractAutowireCapableBeanFactory.java:1700) ~[spring-beans-5.0.0.RELEASE.jar:5.0.0.RELEASE]
	... 21 more
2017-octobre-23 13:43:33 [localhost-startStop-1] INFO  org.springframework.web.context.ContextLoader - Root WebApplicationContext: initialization started
2017-octobre-23 13:43:33 [localhost-startStop-1] INFO  org.springframework.web.context.support.XmlWebApplicationContext - Refreshing Root WebApplicationContext: startup date [Mon Oct 23 13:43:33 CEST 2017]; root of context hierarchy
2017-octobre-23 13:43:33 [localhost-startStop-1] INFO  org.springframework.beans.factory.xml.XmlBeanDefinitionReader - Loading XML bean definitions from ServletContext resource [/WEB-INF/applicationContext.xml]
2017-octobre-23 13:43:34 [localhost-startStop-1] DEBUG org.jboss.logging - Logging Provider: org.jboss.logging.Log4j2LoggerProvider
2017-octobre-23 13:43:34 [localhost-startStop-1] INFO  org.springframework.orm.jpa.LocalContainerEntityManagerFactoryBean - Building JPA container EntityManagerFactory for persistence unit 'persistence_unit_base-squelette_application_web_soa'
2017-octobre-23 13:43:34 [localhost-startStop-1] INFO  org.hibernate.jpa.internal.util.LogHelper - HHH000204: Processing PersistenceUnitInfo [
	name: persistence_unit_base-squelette_application_web_soa
	...]
2017-octobre-23 13:43:35 [localhost-startStop-1] INFO  org.hibernate.Version - HHH000412: Hibernate Core {5.2.11.Final}
2017-octobre-23 13:43:35 [localhost-startStop-1] INFO  org.hibernate.cfg.Environment - HHH000206: hibernate.properties not found
2017-octobre-23 13:43:35 [localhost-startStop-1] INFO  org.hibernate.annotations.common.Version - HCANN000001: Hibernate Commons Annotations {5.0.1.Final}
2017-octobre-23 13:43:35 [localhost-startStop-1] INFO  org.hibernate.dialect.Dialect - HHH000400: Using dialect: org.hibernate.dialect.PostgreSQL9Dialect
2017-octobre-23 13:43:35 [localhost-startStop-1] INFO  org.hibernate.engine.jdbc.env.internal.LobCreatorBuilderImpl - HHH000424: Disabling contextual LOB creation as createClob() method threw error : java.lang.reflect.InvocationTargetException
2017-octobre-23 13:43:35 [localhost-startStop-1] INFO  org.hibernate.type.BasicTypeRegistry - HHH000270: Type registration [java.util.UUID] overrides previous : org.hibernate.type.UUIDBinaryType@2d458281
2017-octobre-23 13:43:36 [localhost-startStop-1] INFO  org.hibernate.tool.schema.internal.SchemaCreatorImpl - HHH000476: Executing import script 'org.hibernate.tool.schema.internal.exec.ScriptSourceInputNonExistentImpl@71ab487c'
2017-octobre-23 13:43:36 [localhost-startStop-1] INFO  org.springframework.orm.jpa.LocalContainerEntityManagerFactoryBean - Initialized JPA EntityManagerFactory for persistence unit 'persistence_unit_base-squelette_application_web_soa'
2017-octobre-23 13:43:37 [localhost-startStop-1] INFO  org.springframework.web.servlet.mvc.method.annotation.RequestMappingHandlerAdapter - Looking for @ControllerAdvice: Root WebApplicationContext: startup date [Mon Oct 23 13:43:33 CEST 2017]; root of context hierarchy
2017-octobre-23 13:43:37 [localhost-startStop-1] INFO  org.springframework.web.servlet.mvc.method.annotation.RequestMappingHandlerAdapter - Looking for @ControllerAdvice: Root WebApplicationContext: startup date [Mon Oct 23 13:43:33 CEST 2017]; root of context hierarchy
2017-octobre-23 13:43:37 [localhost-startStop-1] INFO  org.springframework.web.servlet.handler.SimpleUrlHandlerMapping - Mapped URL path [/static/**] onto handler 'org.springframework.web.servlet.resource.ResourceHttpRequestHandler#0'
2017-octobre-23 13:43:37 [localhost-startStop-1] INFO  org.springframework.web.servlet.handler.SimpleUrlHandlerMapping - Root mapping to handler of type [class org.springframework.web.servlet.mvc.ParameterizableViewController]
2017-octobre-23 13:43:37 [localhost-startStop-1] INFO  org.springframework.web.context.ContextLoader - Root WebApplicationContext: initialization completed in 4373 ms
2017-octobre-23 13:43:37 [localhost-startStop-1] INFO  org.springframework.web.servlet.DispatcherServlet - FrameworkServlet 'servlet-application-context': initialization started
2017-octobre-23 13:43:37 [localhost-startStop-1] INFO  org.springframework.web.context.support.XmlWebApplicationContext - Refreshing WebApplicationContext for namespace 'servlet-application-context-servlet': startup date [Mon Oct 23 13:43:37 CEST 2017]; parent: Root WebApplicationContext
2017-octobre-23 13:43:37 [localhost-startStop-1] INFO  org.springframework.beans.factory.xml.XmlBeanDefinitionReader - Loading XML bean definitions from ServletContext resource [/WEB-INF/applicationContext.xml]
2017-octobre-23 13:43:37 [localhost-startStop-1] INFO  org.springframework.orm.jpa.LocalContainerEntityManagerFactoryBean - Building JPA container EntityManagerFactory for persistence unit 'persistence_unit_base-squelette_application_web_soa'
2017-octobre-23 13:43:37 [localhost-startStop-1] INFO  org.hibernate.jpa.internal.util.LogHelper - HHH000204: Processing PersistenceUnitInfo [
	name: persistence_unit_base-squelette_application_web_soa
	...]
2017-octobre-23 13:43:37 [localhost-startStop-1] INFO  org.hibernate.dialect.Dialect - HHH000400: Using dialect: org.hibernate.dialect.PostgreSQL9Dialect
2017-octobre-23 13:43:38 [localhost-startStop-1] INFO  org.hibernate.engine.jdbc.env.internal.LobCreatorBuilderImpl - HHH000424: Disabling contextual LOB creation as createClob() method threw error : java.lang.reflect.InvocationTargetException
2017-octobre-23 13:43:38 [localhost-startStop-1] INFO  org.hibernate.type.BasicTypeRegistry - HHH000270: Type registration [java.util.UUID] overrides previous : org.hibernate.type.UUIDBinaryType@2d458281
2017-octobre-23 13:43:38 [localhost-startStop-1] INFO  org.hibernate.tool.schema.internal.SchemaCreatorImpl - HHH000476: Executing import script 'org.hibernate.tool.schema.internal.exec.ScriptSourceInputNonExistentImpl@71ab487c'
2017-octobre-23 13:43:38 [localhost-startStop-1] INFO  org.springframework.orm.jpa.LocalContainerEntityManagerFactoryBean - Initialized JPA EntityManagerFactory for persistence unit 'persistence_unit_base-squelette_application_web_soa'
2017-octobre-23 13:43:38 [localhost-startStop-1] INFO  org.springframework.web.servlet.mvc.method.annotation.RequestMappingHandlerAdapter - Looking for @ControllerAdvice: WebApplicationContext for namespace 'servlet-application-context-servlet': startup date [Mon Oct 23 13:43:37 CEST 2017]; parent: Root WebApplicationContext
2017-octobre-23 13:43:38 [localhost-startStop-1] INFO  org.springframework.web.servlet.mvc.method.annotation.RequestMappingHandlerAdapter - Looking for @ControllerAdvice: WebApplicationContext for namespace 'servlet-application-context-servlet': startup date [Mon Oct 23 13:43:37 CEST 2017]; parent: Root WebApplicationContext
2017-octobre-23 13:43:38 [localhost-startStop-1] INFO  org.springframework.web.servlet.handler.SimpleUrlHandlerMapping - Mapped URL path [/static/**] onto handler 'org.springframework.web.servlet.resource.ResourceHttpRequestHandler#0'
2017-octobre-23 13:43:38 [localhost-startStop-1] INFO  org.springframework.web.servlet.handler.SimpleUrlHandlerMapping - Root mapping to handler of type [class org.springframework.web.servlet.mvc.ParameterizableViewController]
2017-octobre-23 13:43:38 [localhost-startStop-1] INFO  org.springframework.web.servlet.DispatcherServlet - FrameworkServlet 'servlet-application-context': initialization completed in 473 ms
